This is pdfTeX, Version 3.14159265-2.6-1.40.19 (TeX Live 2018) (preloaded format=pdflatex 2018.4.16)  9 DEC 2020 14:53
entering extended mode
 restricted \write18 enabled.
 %&-line parsing enabled.
**Epstein_Intentional_Group.tex
(./Epstein_Intentional_Group.tex
LaTeX2e <2018-04-01> patch level 2
Babel <3.18> and hyphenation patterns for 84 language(s) loaded.
(/usr/local/texlive/2018/texmf-dist/tex/latex/base/article.cls
Document Class: article 2014/09/29 v1.4h Standard LaTeX document class
(/usr/local/texlive/2018/texmf-dist/tex/latex/base/size11.clo
File: size11.clo 2014/09/29 v1.4h Standard LaTeX file (size option)
)
\c@part=\count80
\c@section=\count81
\c@subsection=\count82
\c@subsubsection=\count83
\c@paragraph=\count84
\c@subparagraph=\count85
\c@figure=\count86
\c@table=\count87
\abovecaptionskip=\skip41
\belowcaptionskip=\skip42
\bibindent=\dimen102
)
(/usr/local/texlive/2018/texmf-dist/tex/latex/amscls/amsthm.sty
Package: amsthm 2017/10/31 v2.20.4
\thm@style=\toks14
\thm@bodyfont=\toks15
\thm@headfont=\toks16
\thm@notefont=\toks17
\thm@headpunct=\toks18
\thm@preskip=\skip43
\thm@postskip=\skip44
\thm@headsep=\skip45
\dth@everypar=\toks19
)
(/usr/local/texlive/2018/texmf-dist/tex/latex/amsmath/amsxtra.sty
Package: amsxtra 1999/11/15 v1.2c AMS extra commands

(/usr/local/texlive/2018/texmf-dist/tex/latex/amsmath/amsmath.sty
Package: amsmath 2017/09/02 v2.17a AMS math features
\@mathmargin=\skip46

For additional information on amsmath, use the `?' option.
(/usr/local/texlive/2018/texmf-dist/tex/latex/amsmath/amstext.sty
Package: amstext 2000/06/29 v2.01 AMS text

(/usr/local/texlive/2018/texmf-dist/tex/latex/amsmath/amsgen.sty
File: amsgen.sty 1999/11/30 v2.0 generic functions
\@emptytoks=\toks20
\ex@=\dimen103
))
(/usr/local/texlive/2018/texmf-dist/tex/latex/amsmath/amsbsy.sty
Package: amsbsy 1999/11/29 v1.2d Bold Symbols
\pmbraise@=\dimen104
)
(/usr/local/texlive/2018/texmf-dist/tex/latex/amsmath/amsopn.sty
Package: amsopn 2016/03/08 v2.02 operator names
)
\inf@bad=\count88
LaTeX Info: Redefining \frac on input line 213.
\uproot@=\count89
\leftroot@=\count90
LaTeX Info: Redefining \overline on input line 375.
\classnum@=\count91
\DOTSCASE@=\count92
LaTeX Info: Redefining \ldots on input line 472.
LaTeX Info: Redefining \dots on input line 475.
LaTeX Info: Redefining \cdots on input line 596.
\Mathstrutbox@=\box26
\strutbox@=\box27
\big@size=\dimen105
LaTeX Font Info:    Redeclaring font encoding OML on input line 712.
LaTeX Font Info:    Redeclaring font encoding OMS on input line 713.
\macc@depth=\count93
\c@MaxMatrixCols=\count94
\dotsspace@=\muskip10
\c@parentequation=\count95
\dspbrk@lvl=\count96
\tag@help=\toks21
\row@=\count97
\column@=\count98
\maxfields@=\count99
\andhelp@=\toks22
\eqnshift@=\dimen106
\alignsep@=\dimen107
\tagshift@=\dimen108
\tagwidth@=\dimen109
\totwidth@=\dimen110
\lineht@=\dimen111
\@envbody=\toks23
\multlinegap=\skip47
\multlinetaggap=\skip48
\mathdisplay@stack=\toks24
LaTeX Info: Redefining \[ on input line 2817.
LaTeX Info: Redefining \] on input line 2818.
)
LaTeX Info: Redefining \nobreakspace on input line 54.
)
(/usr/local/texlive/2018/texmf-dist/tex/latex/geometry/geometry.sty
Package: geometry 2018/03/24 v5.7 Page Geometry

(/usr/local/texlive/2018/texmf-dist/tex/latex/graphics/keyval.sty
Package: keyval 2014/10/28 v1.15 key=value parser (DPC)
\KV@toks@=\toks25
)
(/usr/local/texlive/2018/texmf-dist/tex/generic/oberdiek/ifpdf.sty
Package: ifpdf 2017/03/15 v3.2 Provides the ifpdf switch
)
(/usr/local/texlive/2018/texmf-dist/tex/generic/oberdiek/ifvtex.sty
Package: ifvtex 2016/05/16 v1.6 Detect VTeX and its facilities (HO)
Package ifvtex Info: VTeX not detected.
)
(/usr/local/texlive/2018/texmf-dist/tex/generic/ifxetex/ifxetex.sty
Package: ifxetex 2010/09/12 v0.6 Provides ifxetex conditional
)
\Gm@cnth=\count100
\Gm@cntv=\count101
\c@Gm@tempcnt=\count102
\Gm@bindingoffset=\dimen112
\Gm@wd@mp=\dimen113
\Gm@odd@mp=\dimen114
\Gm@even@mp=\dimen115
\Gm@layoutwidth=\dimen116
\Gm@layoutheight=\dimen117
\Gm@layouthoffset=\dimen118
\Gm@layoutvoffset=\dimen119
\Gm@dimlist=\toks26
)
(/usr/local/texlive/2018/texmf-dist/tex/latex/stmaryrd/stmaryrd.sty
Package: stmaryrd 1994/03/03 St Mary's Road symbol package
\symstmry=\mathgroup4
LaTeX Font Info:    Overwriting symbol font `stmry' in version `bold'
(Font)                  U/stmry/m/n --> U/stmry/b/n on input line 89.
)
(/usr/local/texlive/2018/texmf-dist/tex/latex/amsfonts/amssymb.sty
Package: amssymb 2013/01/14 v3.01 AMS font symbols

(/usr/local/texlive/2018/texmf-dist/tex/latex/amsfonts/amsfonts.sty
Package: amsfonts 2013/01/14 v3.01 Basic AMSFonts support
\symAMSa=\mathgroup5
\symAMSb=\mathgroup6
LaTeX Font Info:    Overwriting math alphabet `\mathfrak' in version `bold'
(Font)                  U/euf/m/n --> U/euf/b/n on input line 106.
)
LaTeX Font Info:    Redeclaring math symbol \boxdot on input line 44.
)
(/usr/local/texlive/2018/texmf-dist/tex/latex/mathtools/mathtools.sty
Package: mathtools 2018/01/08 v1.21 mathematical typesetting tools

(/usr/local/texlive/2018/texmf-dist/tex/latex/tools/calc.sty
Package: calc 2017/05/25 v4.3 Infix arithmetic (KKT,FJ)
\calc@Acount=\count103
\calc@Bcount=\count104
\calc@Adimen=\dimen120
\calc@Bdimen=\dimen121
\calc@Askip=\skip49
\calc@Bskip=\skip50
LaTeX Info: Redefining \setlength on input line 80.
LaTeX Info: Redefining \addtolength on input line 81.
\calc@Ccount=\count105
\calc@Cskip=\skip51
)
(/usr/local/texlive/2018/texmf-dist/tex/latex/mathtools/mhsetup.sty
Package: mhsetup 2017/03/31 v1.3 programming setup (MH)
)
LaTeX Info: Thecontrolsequence`\('isalreadyrobust on input line 129.
LaTeX Info: Thecontrolsequence`\)'isalreadyrobust on input line 129.
LaTeX Info: Thecontrolsequence`\['isalreadyrobust on input line 129.
LaTeX Info: Thecontrolsequence`\]'isalreadyrobust on input line 129.
\g_MT_multlinerow_int=\count106
\l_MT_multwidth_dim=\dimen122
\origjot=\skip52
\l_MT_shortvdotswithinadjustabove_dim=\dimen123
\l_MT_shortvdotswithinadjustbelow_dim=\dimen124
\l_MT_above_intertext_sep=\dimen125
\l_MT_below_intertext_sep=\dimen126
\l_MT_above_shortintertext_sep=\dimen127
\l_MT_below_shortintertext_sep=\dimen128
)
(/usr/local/texlive/2018/texmf-dist/tex/latex/base/latexsym.sty
Package: latexsym 1998/08/17 v2.2e Standard LaTeX package (lasy symbols)
\symlasy=\mathgroup7
LaTeX Font Info:    Overwriting symbol font `lasy' in version `bold'
(Font)                  U/lasy/m/n --> U/lasy/b/n on input line 52.
)
(/usr/local/texlive/2018/texmf-dist/tex/latex/natbib/natbib.sty
Package: natbib 2010/09/13 8.31b (PWD, AO)
\bibhang=\skip53
\bibsep=\skip54
LaTeX Info: Redefining \cite on input line 694.
\c@NAT@ctr=\count107
)
(/usr/local/texlive/2018/texmf-dist/tex/latex/base/exscale.sty
Package: exscale 2014/09/29 v2.1h Standard LaTeX package exscale
LaTeX Font Info:    Redeclaring symbol font `largesymbols' on input line 57.
LaTeX Font Info:    Overwriting symbol font `largesymbols' in version `normal'
(Font)                  OMX/cmex/m/n --> OMX/cmex/m/n on input line 57.
LaTeX Font Info:    Overwriting symbol font `largesymbols' in version `bold'
(Font)                  OMX/cmex/m/n --> OMX/cmex/m/n on input line 57.
\big@size=\dimen129
)
(/usr/local/texlive/2018/texmf-dist/tex/latex/amsmath/amscd.sty
Package: amscd 2017/04/14 v2.1 AMS Commutative Diagrams
\athelp@=\toks27
\minaw@=\dimen130
\bigaw@=\dimen131
\minCDarrowwidth=\dimen132
)
(/usr/local/texlive/2018/texmf-dist/tex/latex/tools/dcolumn.sty
Package: dcolumn 2014/10/28 v1.06 decimal alignment package (DPC)

(/usr/local/texlive/2018/texmf-dist/tex/latex/tools/array.sty
Package: array 2018/04/07 v2.4g Tabular extension package (FMi)
\col@sep=\dimen133
\ar@mcellbox=\box28
\extrarowheight=\dimen134
\NC@list=\toks28
\extratabsurround=\skip55
\backup@length=\skip56
\ar@cellbox=\box29
))
(/usr/local/texlive/2018/texmf-dist/tex/latex/tools/tabularx.sty
Package: tabularx 2016/02/03 v2.11b `tabularx' package (DPC)
\TX@col@width=\dimen135
\TX@old@table=\dimen136
\TX@old@col=\dimen137
\TX@target=\dimen138
\TX@delta=\dimen139
\TX@cols=\count108
\TX@ftn=\toks29
)
(/usr/local/texlive/2018/texmf-dist/tex/latex/mnsymbol/MnSymbol.sty
Package: MnSymbol 2007/01/21 v1.4 support for the MnSymbol font

(/usr/local/texlive/2018/texmf-dist/tex/latex/base/textcomp.sty
Package: textcomp 2017/04/05 v2.0i Standard LaTeX package
Package textcomp Info: Sub-encoding information:
(textcomp)               5 = only ISO-Adobe without \textcurrency
(textcomp)               4 = 5 + \texteuro
(textcomp)               3 = 4 + \textohm
(textcomp)               2 = 3 + \textestimated + \textcurrency
(textcomp)               1 = TS1 - \textcircled - \t
(textcomp)               0 = TS1 (full)
(textcomp)             Font families with sub-encoding setting implement
(textcomp)             only a restricted character set as indicated.
(textcomp)             Family '?' is the default used for unknown fonts.
(textcomp)             See the documentation for details.
Package textcomp Info: Setting ? sub-encoding to TS1/1 on input line 79.

(/usr/local/texlive/2018/texmf-dist/tex/latex/base/ts1enc.def
File: ts1enc.def 2001/06/05 v3.0e (jk/car/fm) Standard LaTeX file
Now handling font encoding TS1 ...
... processing UTF-8 mapping file for font encoding TS1

(/usr/local/texlive/2018/texmf-dist/tex/latex/base/ts1enc.dfu
File: ts1enc.dfu 2018/04/05 v1.2c UTF-8 support for inputenc
   defining Unicode char U+00A2 (decimal 162)
   defining Unicode char U+00A3 (decimal 163)
   defining Unicode char U+00A4 (decimal 164)
   defining Unicode char U+00A5 (decimal 165)
   defining Unicode char U+00A6 (decimal 166)
   defining Unicode char U+00A7 (decimal 167)
   defining Unicode char U+00A8 (decimal 168)
   defining Unicode char U+00A9 (decimal 169)
   defining Unicode char U+00AA (decimal 170)
   defining Unicode char U+00AC (decimal 172)
   defining Unicode char U+00AE (decimal 174)
   defining Unicode char U+00AF (decimal 175)
   defining Unicode char U+00B0 (decimal 176)
   defining Unicode char U+00B1 (decimal 177)
   defining Unicode char U+00B2 (decimal 178)
   defining Unicode char U+00B3 (decimal 179)
   defining Unicode char U+00B4 (decimal 180)
   defining Unicode char U+00B5 (decimal 181)
   defining Unicode char U+00B6 (decimal 182)
   defining Unicode char U+00B7 (decimal 183)
   defining Unicode char U+00B9 (decimal 185)
   defining Unicode char U+00BA (decimal 186)
   defining Unicode char U+00BC (decimal 188)
   defining Unicode char U+00BD (decimal 189)
   defining Unicode char U+00BE (decimal 190)
   defining Unicode char U+00D7 (decimal 215)
   defining Unicode char U+00F7 (decimal 247)
   defining Unicode char U+0192 (decimal 402)
   defining Unicode char U+02C7 (decimal 711)
   defining Unicode char U+02D8 (decimal 728)
   defining Unicode char U+02DD (decimal 733)
   defining Unicode char U+0E3F (decimal 3647)
   defining Unicode char U+2016 (decimal 8214)
   defining Unicode char U+2020 (decimal 8224)
   defining Unicode char U+2021 (decimal 8225)
   defining Unicode char U+2022 (decimal 8226)
   defining Unicode char U+2030 (decimal 8240)
   defining Unicode char U+2031 (decimal 8241)
   defining Unicode char U+203B (decimal 8251)
   defining Unicode char U+203D (decimal 8253)
   defining Unicode char U+2044 (decimal 8260)
   defining Unicode char U+204E (decimal 8270)
   defining Unicode char U+2052 (decimal 8274)
   defining Unicode char U+20A1 (decimal 8353)
   defining Unicode char U+20A4 (decimal 8356)
   defining Unicode char U+20A6 (decimal 8358)
   defining Unicode char U+20A9 (decimal 8361)
   defining Unicode char U+20AB (decimal 8363)
   defining Unicode char U+20AC (decimal 8364)
   defining Unicode char U+20B1 (decimal 8369)
   defining Unicode char U+2103 (decimal 8451)
   defining Unicode char U+2116 (decimal 8470)
   defining Unicode char U+2117 (decimal 8471)
   defining Unicode char U+211E (decimal 8478)
   defining Unicode char U+2120 (decimal 8480)
   defining Unicode char U+2122 (decimal 8482)
   defining Unicode char U+2126 (decimal 8486)
   defining Unicode char U+2127 (decimal 8487)
   defining Unicode char U+212E (decimal 8494)
   defining Unicode char U+2190 (decimal 8592)
   defining Unicode char U+2191 (decimal 8593)
   defining Unicode char U+2192 (decimal 8594)
   defining Unicode char U+2193 (decimal 8595)
   defining Unicode char U+2329 (decimal 9001)
   defining Unicode char U+232A (decimal 9002)
   defining Unicode char U+2422 (decimal 9250)
   defining Unicode char U+25E6 (decimal 9702)
   defining Unicode char U+25EF (decimal 9711)
   defining Unicode char U+266A (decimal 9834)
   defining Unicode char U+FEFF (decimal 65279)
))
LaTeX Info: Redefining \oldstylenums on input line 334.
Package textcomp Info: Setting cmr sub-encoding to TS1/0 on input line 349.
Package textcomp Info: Setting cmss sub-encoding to TS1/0 on input line 350.
Package textcomp Info: Setting cmtt sub-encoding to TS1/0 on input line 351.
Package textcomp Info: Setting cmvtt sub-encoding to TS1/0 on input line 352.
Package textcomp Info: Setting cmbr sub-encoding to TS1/0 on input line 353.
Package textcomp Info: Setting cmtl sub-encoding to TS1/0 on input line 354.
Package textcomp Info: Setting ccr sub-encoding to TS1/0 on input line 355.
Package textcomp Info: Setting ptm sub-encoding to TS1/4 on input line 356.
Package textcomp Info: Setting pcr sub-encoding to TS1/4 on input line 357.
Package textcomp Info: Setting phv sub-encoding to TS1/4 on input line 358.
Package textcomp Info: Setting ppl sub-encoding to TS1/3 on input line 359.
Package textcomp Info: Setting pag sub-encoding to TS1/4 on input line 360.
Package textcomp Info: Setting pbk sub-encoding to TS1/4 on input line 361.
Package textcomp Info: Setting pnc sub-encoding to TS1/4 on input line 362.
Package textcomp Info: Setting pzc sub-encoding to TS1/4 on input line 363.
Package textcomp Info: Setting bch sub-encoding to TS1/4 on input line 364.
Package textcomp Info: Setting put sub-encoding to TS1/5 on input line 365.
Package textcomp Info: Setting uag sub-encoding to TS1/5 on input line 366.
Package textcomp Info: Setting ugq sub-encoding to TS1/5 on input line 367.
Package textcomp Info: Setting ul8 sub-encoding to TS1/4 on input line 368.
Package textcomp Info: Setting ul9 sub-encoding to TS1/4 on input line 369.
Package textcomp Info: Setting augie sub-encoding to TS1/5 on input line 370.
Package textcomp Info: Setting dayrom sub-encoding to TS1/3 on input line 371.
Package textcomp Info: Setting dayroms sub-encoding to TS1/3 on input line 372.

Package textcomp Info: Setting pxr sub-encoding to TS1/0 on input line 373.
Package textcomp Info: Setting pxss sub-encoding to TS1/0 on input line 374.
Package textcomp Info: Setting pxtt sub-encoding to TS1/0 on input line 375.
Package textcomp Info: Setting txr sub-encoding to TS1/0 on input line 376.
Package textcomp Info: Setting txss sub-encoding to TS1/0 on input line 377.
Package textcomp Info: Setting txtt sub-encoding to TS1/0 on input line 378.
Package textcomp Info: Setting lmr sub-encoding to TS1/0 on input line 379.
Package textcomp Info: Setting lmdh sub-encoding to TS1/0 on input line 380.
Package textcomp Info: Setting lmss sub-encoding to TS1/0 on input line 381.
Package textcomp Info: Setting lmssq sub-encoding to TS1/0 on input line 382.
Package textcomp Info: Setting lmvtt sub-encoding to TS1/0 on input line 383.
Package textcomp Info: Setting lmtt sub-encoding to TS1/0 on input line 384.
Package textcomp Info: Setting qhv sub-encoding to TS1/0 on input line 385.
Package textcomp Info: Setting qag sub-encoding to TS1/0 on input line 386.
Package textcomp Info: Setting qbk sub-encoding to TS1/0 on input line 387.
Package textcomp Info: Setting qcr sub-encoding to TS1/0 on input line 388.
Package textcomp Info: Setting qcs sub-encoding to TS1/0 on input line 389.
Package textcomp Info: Setting qpl sub-encoding to TS1/0 on input line 390.
Package textcomp Info: Setting qtm sub-encoding to TS1/0 on input line 391.
Package textcomp Info: Setting qzc sub-encoding to TS1/0 on input line 392.
Package textcomp Info: Setting qhvc sub-encoding to TS1/0 on input line 393.
Package textcomp Info: Setting futs sub-encoding to TS1/4 on input line 394.
Package textcomp Info: Setting futx sub-encoding to TS1/4 on input line 395.
Package textcomp Info: Setting futj sub-encoding to TS1/4 on input line 396.
Package textcomp Info: Setting hlh sub-encoding to TS1/3 on input line 397.
Package textcomp Info: Setting hls sub-encoding to TS1/3 on input line 398.
Package textcomp Info: Setting hlst sub-encoding to TS1/3 on input line 399.
Package textcomp Info: Setting hlct sub-encoding to TS1/5 on input line 400.
Package textcomp Info: Setting hlx sub-encoding to TS1/5 on input line 401.
Package textcomp Info: Setting hlce sub-encoding to TS1/5 on input line 402.
Package textcomp Info: Setting hlcn sub-encoding to TS1/5 on input line 403.
Package textcomp Info: Setting hlcw sub-encoding to TS1/5 on input line 404.
Package textcomp Info: Setting hlcf sub-encoding to TS1/5 on input line 405.
Package textcomp Info: Setting pplx sub-encoding to TS1/3 on input line 406.
Package textcomp Info: Setting pplj sub-encoding to TS1/3 on input line 407.
Package textcomp Info: Setting ptmx sub-encoding to TS1/4 on input line 408.
Package textcomp Info: Setting ptmj sub-encoding to TS1/4 on input line 409.
)
LaTeX Info: Redefining \dagger on input line 84.
LaTeX Info: Redefining \ddagger on input line 84.
LaTeX Info: Redefining \mathparagraph on input line 84.
LaTeX Info: Redefining \mathsection on input line 84.
LaTeX Info: Redefining \mathdollar on input line 84.
LaTeX Info: Redefining \mathsterling on input line 84.
LaTeX Info: Redefining \yen on input line 84.
LaTeX Info: Redefining \circledR on input line 84.
LaTeX Info: Redefining \circledS on input line 84.
LaTeX Info: Redefining \Re on input line 84.
LaTeX Info: Redefining \Im on input line 84.
LaTeX Info: Redefining \dotplus on input line 84.
LaTeX Info: Redefining \thicksim on input line 84.
LaTeX Info: Redefining \thickapprox on input line 84.
LaTeX Info: Redefining \veebar on input line 84.
LaTeX Info: Redefining \barwedge on input line 84.
LaTeX Info: Redefining \doublebarwedge on input line 84.
LaTeX Info: Redefining \centerdot on input line 84.
LaTeX Info: Redefining \divideontimes on input line 84.
\symMnSyA=\mathgroup8
\symMnSyB=\mathgroup9
\symMnSyC=\mathgroup10
\symMnSyD=\mathgroup11
LaTeX Font Info:    Redeclaring symbol font `largesymbols' on input line 119.
LaTeX Font Info:    Overwriting symbol font `largesymbols' in version `normal'
(Font)                  OMX/cmex/m/n --> OMX/MnSymbolE/m/n on input line 119.
LaTeX Font Info:    Overwriting symbol font `largesymbols' in version `bold'
(Font)                  OMX/cmex/m/n --> OMX/MnSymbolE/m/n on input line 119.
LaTeX Font Info:    Redeclaring symbol font `symbols' on input line 120.
LaTeX Font Info:    Encoding `OMS' has changed to `U' for symbol font
(Font)              `symbols' in the math version `normal' on input line 120.
LaTeX Font Info:    Overwriting symbol font `symbols' in version `normal'
(Font)                  OMS/cmsy/m/n --> U/MnSymbolF/m/n on input line 120.
LaTeX Font Info:    Encoding `OMS' has changed to `U' for symbol font
(Font)              `symbols' in the math version `bold' on input line 120.
LaTeX Font Info:    Overwriting symbol font `symbols' in version `bold'
(Font)                  OMS/cmsy/b/n --> U/MnSymbolF/m/n on input line 120.
LaTeX Font Info:    Overwriting symbol font `MnSyA' in version `bold'
(Font)                  U/MnSymbolA/m/n --> U/MnSymbolA/b/n on input line 121.
LaTeX Font Info:    Overwriting symbol font `MnSyB' in version `bold'
(Font)                  U/MnSymbolB/m/n --> U/MnSymbolB/b/n on input line 122.
LaTeX Font Info:    Overwriting symbol font `MnSyC' in version `bold'
(Font)                  U/MnSymbolC/m/n --> U/MnSymbolC/b/n on input line 123.
LaTeX Font Info:    Overwriting symbol font `MnSyD' in version `bold'
(Font)                  U/MnSymbolD/m/n --> U/MnSymbolD/b/n on input line 124.
LaTeX Font Info:    Overwriting symbol font `largesymbols' in version `bold'
(Font)                  OMX/MnSymbolE/m/n --> OMX/MnSymbolE/b/n on input line 1
25.
LaTeX Font Info:    Overwriting symbol font `symbols' in version `bold'
(Font)                  U/MnSymbolF/m/n --> U/MnSymbolF/b/n on input line 126.
LaTeX Font Info:    Redeclaring math alphabet \mathcal on input line 241.
LaTeX Font Info:    Overwriting math alphabet `\mathcal' in version `bold'
(Font)                  OMS/MnSymbolS/m/n --> OMS/MnSymbolS/b/n on input line 2
41.
LaTeX Info: Redefining \longrightarrow on input line 548.
LaTeX Info: Redefining \longleftarrow on input line 549.
LaTeX Info: Redefining \longleftrightarrow on input line 550.
LaTeX Info: Redefining \Longrightarrow on input line 551.
LaTeX Info: Redefining \Longleftarrow on input line 552.
LaTeX Info: Redefining \Longleftrightarrow on input line 553.
LaTeX Info: Redefining \longmapsto on input line 554.
LaTeX Info: Redefining \vdots on input line 868.
LaTeX Font Info:    Redeclaring math symbol \braceld on input line 1721.
LaTeX Font Info:    Redeclaring math symbol \bracelu on input line 1722.
LaTeX Font Info:    Redeclaring math symbol \bracerd on input line 1723.
LaTeX Font Info:    Redeclaring math symbol \braceru on input line 1724.
LaTeX Info: Redefining \downbracefill on input line 1799.
LaTeX Info: Redefining \upbracefill on input line 1800.
LaTeX Info: Redefining \overbrace on input line 1819.
LaTeX Info: Redefining \underbrace on input line 1820.
LaTeX Info: Redefining \surd on input line 1843.
LaTeX Font Info:    Redeclaring math accent \widehat on input line 1845.
LaTeX Font Info:    Redeclaring math accent \widetilde on input line 1846.
LaTeX Font Info:    Redeclaring math accent \vec on input line 1848.
)
(/usr/local/texlive/2018/texmf-dist/tex/latex/amsfonts/eucal.sty
Package: eucal 2009/06/22 v3.00 Euler Script fonts
LaTeX Font Info:    Overwriting math alphabet `\EuScript' in version `bold'
(Font)                  U/eus/m/n --> U/eus/b/n on input line 33.
)
(/usr/local/texlive/2018/texmf-dist/tex/generic/babel/babel.sty
Package: babel 2018/02/14 3.18 The Babel package

(/usr/local/texlive/2018/texmf-dist/tex/generic/babel/switch.def
File: switch.def 2018/02/14 3.18 Babel switching mechanism
)
(/usr/local/texlive/2018/texmf-dist/tex/generic/babel-english/english.ldf
Language: english 2017/06/06 v3.3r English support from the babel system

(/usr/local/texlive/2018/texmf-dist/tex/generic/babel/babel.def
File: babel.def 2018/02/14 3.18 Babel common definitions
\babel@savecnt=\count109
\U@D=\dimen140

(/usr/local/texlive/2018/texmf-dist/tex/generic/babel/txtbabel.def)
\bbl@dirlevel=\count110
)
\l@canadian = a dialect from \language\l@american 
\l@australian = a dialect from \language\l@british 
\l@newzealand = a dialect from \language\l@british 
))
(/usr/local/texlive/2018/texmf-dist/tex/latex/graphics/graphicx.sty
Package: graphicx 2017/06/01 v1.1a Enhanced LaTeX Graphics (DPC,SPQR)

(/usr/local/texlive/2018/texmf-dist/tex/latex/graphics/graphics.sty
Package: graphics 2017/06/25 v1.2c Standard LaTeX Graphics (DPC,SPQR)

(/usr/local/texlive/2018/texmf-dist/tex/latex/graphics/trig.sty
Package: trig 2016/01/03 v1.10 sin cos tan (DPC)
)
(/usr/local/texlive/2018/texmf-dist/tex/latex/graphics-cfg/graphics.cfg
File: graphics.cfg 2016/06/04 v1.11 sample graphics configuration
)
Package graphics Info: Driver file: pdftex.def on input line 99.

(/usr/local/texlive/2018/texmf-dist/tex/latex/graphics-def/pdftex.def
File: pdftex.def 2018/01/08 v1.0l Graphics/color driver for pdftex
))
\Gin@req@height=\dimen141
\Gin@req@width=\dimen142
)
(/usr/local/texlive/2018/texmf-dist/tex/latex/caption/subcaption.sty
Package: subcaption 2016/05/22 v1.1-161 Sub-captions (AR)

(/usr/local/texlive/2018/texmf-dist/tex/latex/caption/caption.sty
Package: caption 2016/02/21 v3.3-144 Customizing captions (AR)

(/usr/local/texlive/2018/texmf-dist/tex/latex/caption/caption3.sty
Package: caption3 2016/05/22 v1.7-166 caption3 kernel (AR)
Package caption3 Info: TeX engine: e-TeX on input line 67.
\captionmargin=\dimen143
\captionmargin@=\dimen144
\captionwidth=\dimen145
\caption@tempdima=\dimen146
\caption@indent=\dimen147
\caption@parindent=\dimen148
\caption@hangindent=\dimen149
)
\c@ContinuedFloat=\count111
)
\c@subfigure=\count112
\c@subtable=\count113
)
(/usr/local/texlive/2018/texmf-dist/tex/latex/lipsum/lipsum.sty
Package: lipsum 2014/07/27 v1.3 150 paragraphs of Lorem Ipsum dummy text
\c@lips@count=\count114
)
(/usr/local/texlive/2018/texmf-dist/tex/latex/setspace/setspace.sty
Package: setspace 2011/12/19 v6.7a set line spacing
)
\c@acknowledgement=\count115
\c@assumption=\count116
\c@axiom=\count117
\c@case=\count118
\c@claim=\count119
\c@conclusion=\count120
\c@condition=\count121
\c@conjecture=\count122
\c@corollary=\count123
\c@criterion=\count124
\c@definition=\count125
\c@econjecture=\count126
\c@example=\count127
\c@exercise=\count128
\c@lemma=\count129
\c@remark=\count130
\c@proposition=\count131
\c@theorem=\count132
\c@solution=\count133
\c@summary=\count134

(./Epstein_Intentional_Group.aux)
\openout1 = `Epstein_Intentional_Group.aux'.

LaTeX Font Info:    Checking defaults for OML/cmm/m/it on input line 92.
LaTeX Font Info:    ... okay on input line 92.
LaTeX Font Info:    Checking defaults for T1/cmr/m/n on input line 92.
LaTeX Font Info:    ... okay on input line 92.
LaTeX Font Info:    Checking defaults for OT1/cmr/m/n on input line 92.
LaTeX Font Info:    ... okay on input line 92.
LaTeX Font Info:    Checking defaults for OMS/cmsy/m/n on input line 92.
LaTeX Font Info:    ... okay on input line 92.
LaTeX Font Info:    Checking defaults for OMX/cmex/m/n on input line 92.
LaTeX Font Info:    ... okay on input line 92.
LaTeX Font Info:    Checking defaults for U/cmr/m/n on input line 92.
LaTeX Font Info:    ... okay on input line 92.
LaTeX Font Info:    Checking defaults for TS1/cmr/m/n on input line 92.
LaTeX Font Info:    Try loading font information for TS1+cmr on input line 92.

(/usr/local/texlive/2018/texmf-dist/tex/latex/base/ts1cmr.fd
File: ts1cmr.fd 2014/09/29 v2.5h Standard LaTeX font definitions
)
LaTeX Font Info:    ... okay on input line 92.

*geometry* driver: auto-detecting
*geometry* detected driver: pdftex
*geometry* verbose mode - [ preamble ] result:
* driver: pdftex
* paper: letterpaper
* layout: <same size as paper>
* layoutoffset:(h,v)=(0.0pt,0.0pt)
* modes: 
* h-part:(L,W,R)=(92.14519pt, 430.00462pt, 92.14519pt)
* v-part:(T,H,B)=(95.39737pt, 556.47656pt, 143.09605pt)
* \paperwidth=614.295pt
* \paperheight=794.96999pt
* \textwidth=469.75499pt
* \textheight=632.36249pt
* \oddsidemargin=0.0pt
* \evensidemargin=19.8752pt
* \topmargin=0.0pt
* \headheight=0.0pt
* \headsep=0.0pt
* \topskip=0.0pt
* \footskip=30.0pt
* \marginparwidth=59.0pt
* \marginparsep=10.0pt
* \columnsep=10.0pt
* \skip\footins=10.0pt plus 4.0pt minus 2.0pt
* \hoffset=0.0pt
* \voffset=0.0pt
* \mag=1000
* \@twocolumnfalse
* \@twosidefalse
* \@mparswitchfalse
* \@reversemarginfalse
* (1in=72.27pt=25.4mm, 1cm=28.453pt)

(/usr/local/texlive/2018/texmf-dist/tex/context/base/mkii/supp-pdf.mkii
[Loading MPS to PDF converter (version 2006.09.02).]
\scratchcounter=\count135
\scratchdimen=\dimen150
\scratchbox=\box30
\nofMPsegments=\count136
\nofMParguments=\count137
\everyMPshowfont=\toks30
\MPscratchCnt=\count138
\MPscratchDim=\dimen151
\MPnumerator=\count139
\makeMPintoPDFobject=\count140
\everyMPtoPDFconversion=\toks31
) (/usr/local/texlive/2018/texmf-dist/tex/latex/oberdiek/epstopdf-base.sty
Package: epstopdf-base 2016/05/15 v2.6 Base part for package epstopdf

(/usr/local/texlive/2018/texmf-dist/tex/generic/oberdiek/infwarerr.sty
Package: infwarerr 2016/05/16 v1.4 Providing info/warning/error messages (HO)
)
(/usr/local/texlive/2018/texmf-dist/tex/latex/oberdiek/grfext.sty
Package: grfext 2016/05/16 v1.2 Manage graphics extensions (HO)

(/usr/local/texlive/2018/texmf-dist/tex/generic/oberdiek/kvdefinekeys.sty
Package: kvdefinekeys 2016/05/16 v1.4 Define keys (HO)

(/usr/local/texlive/2018/texmf-dist/tex/generic/oberdiek/ltxcmds.sty
Package: ltxcmds 2016/05/16 v1.23 LaTeX kernel commands for general use (HO)
)))
(/usr/local/texlive/2018/texmf-dist/tex/latex/oberdiek/kvoptions.sty
Package: kvoptions 2016/05/16 v3.12 Key value format for package options (HO)

(/usr/local/texlive/2018/texmf-dist/tex/generic/oberdiek/kvsetkeys.sty
Package: kvsetkeys 2016/05/16 v1.17 Key value parser (HO)

(/usr/local/texlive/2018/texmf-dist/tex/generic/oberdiek/etexcmds.sty
Package: etexcmds 2016/05/16 v1.6 Avoid name clashes with e-TeX commands (HO)

(/usr/local/texlive/2018/texmf-dist/tex/generic/oberdiek/ifluatex.sty
Package: ifluatex 2016/05/16 v1.4 Provides the ifluatex switch (HO)
Package ifluatex Info: LuaTeX not detected.
)
Package etexcmds Info: Could not find \expanded.
(etexcmds)             That can mean that you are not using pdfTeX 1.50 or
(etexcmds)             that some package has redefined \expanded.
(etexcmds)             In the latter case, load this package earlier.
)))
(/usr/local/texlive/2018/texmf-dist/tex/generic/oberdiek/pdftexcmds.sty
Package: pdftexcmds 2018/01/30 v0.27 Utility functions of pdfTeX for LuaTeX (HO
)
Package pdftexcmds Info: LuaTeX not detected.
Package pdftexcmds Info: \pdf@primitive is available.
Package pdftexcmds Info: \pdf@ifprimitive is available.
Package pdftexcmds Info: \pdfdraftmode found.
)
Package epstopdf-base Info: Redefining graphics rule for `.eps' on input line 4
38.
Package grfext Info: Graphics extension search list:
(grfext)             [.pdf,.png,.jpg,.mps,.jpeg,.jbig2,.jb2,.PDF,.PNG,.JPG,.JPE
G,.JBIG2,.JB2,.eps]
(grfext)             \AppendGraphicsExtensions on input line 456.

(/usr/local/texlive/2018/texmf-dist/tex/latex/latexconfig/epstopdf-sys.cfg
File: epstopdf-sys.cfg 2010/07/13 v1.3 Configuration of (r)epstopdf for TeX Liv
e
))
Package caption Info: Begin \AtBeginDocument code.
Package caption Info: End \AtBeginDocument code.
LaTeX Font Info:    Try loading font information for U+stmry on input line 103.


(/usr/local/texlive/2018/texmf-dist/tex/latex/stmaryrd/Ustmry.fd)
LaTeX Font Info:    Try loading font information for U+msa on input line 103.

(/usr/local/texlive/2018/texmf-dist/tex/latex/amsfonts/umsa.fd
File: umsa.fd 2013/01/14 v3.01 AMS symbols A
)
LaTeX Font Info:    Try loading font information for U+msb on input line 103.

(/usr/local/texlive/2018/texmf-dist/tex/latex/amsfonts/umsb.fd
File: umsb.fd 2013/01/14 v3.01 AMS symbols B
)
LaTeX Font Info:    Try loading font information for U+lasy on input line 103.

(/usr/local/texlive/2018/texmf-dist/tex/latex/base/ulasy.fd
File: ulasy.fd 1998/08/17 v2.2e LaTeX symbol font definitions
) [1

{/usr/local/texlive/2018/texmf-var/fonts/map/pdftex/updmap/pdftex.map}] [1] [2]
 [3] [4]
[5] [6] [7] [8] [9] [10] [11] [12] [13] [14] [15]
(./Epstein_Intentional_Group.bbl [16]) [17] (./Epstein_Intentional_Group.aux) )
 
Here is how much of TeX's memory you used:
 7931 strings out of 492649
 114281 string characters out of 6129622
 278212 words of memory out of 5000000
 11612 multiletter control sequences out of 15000+600000
 33198 words of font info for 126 fonts, out of 8000000 for 9000
 1141 hyphenation exceptions out of 8191
 42i,8n,40p,1949b,218s stack positions out of 5000i,500n,10000p,200000b,80000s
{/usr/local/texlive/2018/texmf-dist/fonts/enc/dvips/mnsymbol/MnSymbolA.enc}{/us
r/local/texlive/2018/texmf-dist/fonts/enc/dvips/mnsymbol/MnSymbolC.enc}{/usr/lo
cal/texlive/2018/texmf-dist/fonts/enc/dvips/mnsymbol/MnSymbolD.enc}{/usr/local/
texlive/2018/texmf-dist/fonts/enc/dvips/mnsymbol/MnSymbolE.enc}{/usr/local/texl
ive/2018/texmf-dist/fonts/enc/dvips/mnsymbol/MnSymbolS.enc}</usr/local/texlive/
2018/texmf-dist/fonts/type1/public/mnsymbol/MnSymbol10.pfb></usr/local/texlive/
2018/texmf-dist/fonts/type1/public/mnsymbol/MnSymbol6.pfb></usr/local/texlive/2
018/texmf-dist/fonts/type1/public/mnsymbol/MnSymbol8.pfb></usr/local/texlive/20
18/texmf-dist/fonts/type1/public/mnsymbol/MnSymbol9.pfb></usr/local/texlive/201
8/texmf-dist/fonts/type1/public/amsfonts/cm/cmbx10.pfb></usr/local/texlive/2018
/texmf-dist/fonts/type1/public/amsfonts/cm/cmbx12.pfb></usr/local/texlive/2018/
texmf-dist/fonts/type1/public/amsfonts/cm/cmmi10.pfb></usr/local/texlive/2018/t
exmf-dist/fonts/type1/public/amsfonts/cm/cmmi6.pfb></usr/local/texlive/2018/tex
mf-dist/fonts/type1/public/amsfonts/cm/cmmi8.pfb></usr/local/texlive/2018/texmf
-dist/fonts/type1/public/amsfonts/cm/cmmi9.pfb></usr/local/texlive/2018/texmf-d
ist/fonts/type1/public/amsfonts/cm/cmr10.pfb></usr/local/texlive/2018/texmf-dis
t/fonts/type1/public/amsfonts/cm/cmr12.pfb></usr/local/texlive/2018/texmf-dist/
fonts/type1/public/amsfonts/cm/cmr17.pfb></usr/local/texlive/2018/texmf-dist/fo
nts/type1/public/amsfonts/cm/cmr6.pfb></usr/local/texlive/2018/texmf-dist/fonts
/type1/public/amsfonts/cm/cmr7.pfb></usr/local/texlive/2018/texmf-dist/fonts/ty
pe1/public/amsfonts/cm/cmr8.pfb></usr/local/texlive/2018/texmf-dist/fonts/type1
/public/amsfonts/cm/cmr9.pfb></usr/local/texlive/2018/texmf-dist/fonts/type1/pu
blic/amsfonts/cm/cmti10.pfb>
Output written on Epstein_Intentional_Group.pdf (18 pages, 292864 bytes).
PDF statistics:
 152 PDF objects out of 1000 (max. 8388607)
 112 compressed objects within 2 object streams
 0 named destinations out of 1000 (max. 500000)
 1 words of extra memory for PDF output out of 10000 (max. 10000000)

